{"timestamp": "2025-05-20T12:40:37.583884", "data": {"user": {"gender": true, "age": 30, "height": 165, "weight": 60, "targetWeight": 55}, "nutrients": {"calories": 159, "protein": 4, "carbohydrate": 22, "fat": 5, "sugar": 11}, "mealCount": 4, "dishIds": [5, 6, 7, 7]}}
{"timestamp": "2025-05-20T12:42:15.649965", "data": {"user": {"gender": true, "age": 30, "height": 165, "weight": 60, "targetWeight": 55}, "nutrients": {"calories": 159, "protein": 4, "carbohydrate": 22, "fat": 5, "sugar": 11}, "mealCount": 4, "dishIds": [5, 6, 7, 7]}}
{"timestamp": "2025-05-20T12:53:30.755169", "data": {"user": {"gender": true, "age": 30, "height": 165, "weight": 60, "targetWeight": 55}, "nutrients": {"calories": 663, "protein": 28, "carbohydrate": 100, "fat": 19, "sugar": 22}, "mealCount": 6, "dishIds": [1, 2, 3, 4, 5, 2]}}
{"timestamp": "2025-05-20T12:57:16.393634", "data": {"user": {"gender": true, "age": 30, "height": 165, "weight": 60, "targetWeight": 55}, "nutrients": {"calories": 663, "protein": 28, "carbohydrate": 100, "fat": 19, "sugar": 22}, "mealCount": 6, "dishIds": [1, 2, 3, 4, 5, 2]}}
{"timestamp": "2025-05-20T13:01:04.834708", "data": {"mealCount": 5, "user": {"gender": false, "weight": 90, "targetWeight": 40, "userId": 2, "age": 25, "height": 180}, "dishIds": [2, 3, 5, 6, 2], "nutrients": {"protein": 0.0, "fat": 0.0, "calories": 0.0, "sugar": 0.0, "carbohydrate": 0.0}}}
{"timestamp": "2025-05-20T13:59:33.511996", "data": {"mealCount": 5, "user": {"gender": false, "weight": 90, "targetWeight": 40, "userId": 2, "age": 25, "height": 180}, "dishIds": [2, 3, 5, 6, 2], "nutrients": {"protein": 0.0, "fat": 0.0, "calories": 0.0, "sugar": 0.0, "carbohydrate": 0.0}}}
{"timestamp": "2025-05-20T14:13:10.357540", "data": {"mealCount": 7, "user": {"gender": false, "weight": 90, "targetWeight": 40, "userId": 2, "age": 25, "height": 180}, "dishIds": [1, 2, 3, 4, 5, 6, 2], "nutrients": {"protein": 0.0, "fat": 0.0, "calories": 0.0, "sugar": 0.0, "carbohydrate": 0.0}}}
{"timestamp": "2025-05-20T14:14:07.338526", "data": {"mealCount": 4, "user": {"gender": false, "weight": 90, "targetWeight": 40, "userId": 2, "age": 25, "height": 180}, "dishIds": [2, 7, 9, 11], "nutrients": {"protein": 0.0, "fat": 0.0, "calories": 0.0, "sugar": 0.0, "carbohydrate": 0.0}}}
{"timestamp": "2025-05-20T14:14:57.246032", "data": {"mealCount": 4, "user": {"gender": false, "weight": 90, "targetWeight": 60, "userId": 2, "age": 25, "height": 180}, "dishIds": [2, 7, 9, 11], "nutrients": {"protein": 0.0, "fat": 0.0, "calories": 0.0, "sugar": 0.0, "carbohydrate": 0.0}}}
{"timestamp": "2025-05-20T14:15:55.891650", "data": {"mealCount": 5, "user": {"gender": false, "weight": 90, "targetWeight": 60, "userId": 2, "age": 25, "height": 180}, "dishIds": [2, 7, 9, 11, 12], "nutrients": {"protein": 0.0, "fat": 0.0, "calories": 0.0, "sugar": 0.0, "carbohydrate": 0.0}}}
{"timestamp": "2025-05-20T14:23:37.935045", "data": {"mealCount": 5, "user": {"gender": false, "weight": 90, "targetWeight": 60, "userId": 2, "age": 25, "height": 180}, "dishIds": [2, 7, 9, 11, 12], "nutrients": {"protein": 0.0, "fat": 0.0, "calories": 0.0, "sugar": 0.0, "carbohydrate": 0.0}}}
{"timestamp": "2025-05-20T14:29:06.222242", "data": {"mealCount": 3, "user": {"gender": false, "weight": 90, "targetWeight": 40, "userId": 2, "age": 25, "height": 180}, "dishIds": [3, 4, 5], "nutrients": {"protein": 60.0, "fat": 45.0, "calories": 1500.0, "sugar": 15.0, "carbohydrate": 180.0}}}
{"timestamp": "2025-05-20T14:48:39.852449", "data": {"mealCount": 4, "user": {"gender": false, "weight": 90, "targetWeight": 40, "userId": 2, "age": 25, "height": 180}, "dishIds": [1, 2, 3, 6], "nutrients": {"protein": 80.0, "fat": 60.0, "calories": 2000.0, "sugar": 20.0, "carbohydrate": 240.0}}}
{"timestamp": "2025-05-20T14:58:42.780920", "data": {"mealCount": 6, "user": {"gender": false, "weight": 90, "targetWeight": 40, "userId": 2, "age": 25, "height": 180}, "dishIds": [1, 2, 3, 4, 5, 6], "nutrients": {"protein": 28.0, "fat": 19.0, "calories": 669.0, "sugar": 22.0, "carbohydrate": 101.0}}}
{"timestamp": "2025-05-20T14:59:25.050116", "data": {"mealCount": 4, "user": {"gender": false, "weight": 90, "targetWeight": 40, "userId": 2, "age": 25, "height": 180}, "dishIds": [1, 2, 3, 4], "nutrients": {"protein": 26.0, "fat": 16.0, "calories": 594.0, "sugar": 21.0, "carbohydrate": 93.0}}}
{"timestamp": "2025-05-20T15:05:21.907753", "data": {"mealCount": 4, "user": {"gender": false, "weight": 90, "targetWeight": 40, "userId": 2, "age": 25, "height": 180}, "dishIds": [2, 3, 4, 7], "nutrients": {"protein": 7.0, "fat": 7.0, "calories": 205.0, "sugar": 11.0, "carbohydrate": 33.0}}}
{"timestamp": "2025-05-20T15:09:05.852074", "data": {"mealCount": 7, "user": {"gender": false, "weight": 88, "targetWeight": 70, "userId": 2, "age": 25, "height": 177}, "dishIds": [7, 8, 9, 10, 11, 12, 13], "nutrients": {"protein": 80.0, "fat": 54.0, "calories": 1548.0, "sugar": 83.0, "carbohydrate": 335.0}}}
{"timestamp": "2025-05-20T15:16:22.896388", "data": {"mealCount": 6, "user": {"gender": false, "weight": 88, "targetWeight": 70, "userId": 2, "age": 25, "height": 177}, "dishIds": [8, 9, 10, 11, 12, 13], "nutrients": {"protein": 79.0, "fat": 53.0, "calories": 1506.0, "sugar": 78.0, "carbohydrate": 328.0}}}
{"timestamp": "2025-05-20T15:30:17.263344", "data": {"mealCount": 5, "user": {"gender": false, "weight": 90, "targetWeight": 40, "userId": 2, "age": 25, "height": 180, "diseaseTags": ""}, "dishIds": [7, 9, 10, 11, 12], "nutrients": {"protein": 57.0, "fat": 33.0, "calories": 985.0, "sugar": 46.0, "carbohydrate": 253.0}}}
{"timestamp": "2025-05-20T15:36:40.793011", "data": {"mealCount": 4, "user": {"gender": false, "weight": 90, "targetWeight": 40, "userId": 2, "age": 25, "height": 180, "diseaseTags": "hypertension,hyperlipidemia,diabetes"}, "dishIds": [7, 9, 10, 12], "nutrients": {"protein": 54.0, "fat": 31.0, "calories": 696.0, "sugar": 35.0, "carbohydrate": 250.0}}}
{"timestamp": "2025-05-21T16:18:02.354421", "data": {"mealCount": 5, "user": {"gender": false, "weight": 90, "targetWeight": 40, "userId": 2, "age": 25, "height": 180, "diseaseTags": ""}, "dishIds": [1, 2, 4, 5, 6], "nutrients": {"protein": 27.0, "fat": 18.0, "calories": 600.0, "sugar": 19.0, "carbohydrate": 87.0}}}
{"timestamp": "2025-05-21T16:22:53.429013", "data": {"mealCount": 5, "user": {"gender": false, "weight": 90, "targetWeight": 40, "userId": 2, "age": 25, "height": 180, "diseaseTags": ""}, "dishIds": [1, 2, 4, 5, 6], "nutrients": {"protein": 27.0, "fat": 18.0, "calories": 600.0, "sugar": 19.0, "carbohydrate": 87.0}}}
{"timestamp": "2025-05-21T22:36:24.344740", "data": {"mealCount": 5, "user": {"gender": false, "weight": 90, "targetWeight": 40, "userId": 2, "age": 25, "height": 180, "diseaseTags": ""}, "dishIds": [1, 2, 3, 4, 5], "nutrients": {"protein": 27.0, "fat": 19.0, "calories": 654.0, "sugar": 21.0, "carbohydrate": 99.0}}}
{"timestamp": "2025-05-22T00:20:58.460750", "data": {"mealCount": 5, "user": {"gender": false, "weight": 90, "targetWeight": 40, "userId": 2, "age": 25, "height": 180, "diseaseTags": ""}, "dishIds": [14, 15, 16, 17, 18], "nutrients": {"protein": 71.0, "fat": 37.0, "calories": 716.0, "sugar": 115.0, "carbohydrate": 174.0}}}
{"timestamp": "2025-05-22T00:23:28.036382", "data": {"mealCount": 5, "user": {"gender": false, "weight": 90, "targetWeight": 40, "userId": 2, "age": 25, "height": 180, "diseaseTags": ""}, "dishIds": [14, 15, 16, 17, 18], "nutrients": {"protein": 71.0, "fat": 37.0, "calories": 716.0, "sugar": 115.0, "carbohydrate": 174.0}}}
{"timestamp": "2025-05-22T00:24:13.566161", "data": {"mealCount": 7, "user": {"gender": false, "weight": 90, "targetWeight": 40, "userId": 2, "age": 25, "height": 180, "diseaseTags": ""}, "dishIds": [21, 22, 23, 24, 25, 26, 27], "nutrients": {"protein": 102.0, "fat": 53.0, "calories": 1456.0, "sugar": 72.0, "carbohydrate": 283.0}}}
{"timestamp": "2025-05-22T00:32:29.690975", "data": {"mealCount": 4, "user": {"gender": false, "weight": 90, "targetWeight": 40, "userId": 2, "age": 25, "height": 180, "diseaseTags": ""}, "dishIds": [21, 22, 26, 27], "nutrients": {"protein": 61.0, "fat": 22.0, "calories": 841.0, "sugar": 28.0, "carbohydrate": 178.0}}}
{"timestamp": "2025-05-22T00:32:43.899566", "data": {"mealCount": 4, "user": {"gender": false, "weight": 90, "targetWeight": 40, "userId": 2, "age": 25, "height": 180, "diseaseTags": ""}, "dishIds": [23, 24, 26, 27], "nutrients": {"protein": 76.0, "fat": 43.0, "calories": 216.0, "sugar": 52.0, "carbohydrate": 160.0}}}
{"timestamp": "2025-05-22T00:40:06.772482", "data": {"mealCount": 5, "user": {"gender": false, "weight": 90, "targetWeight": 40, "userId": 2, "age": 25, "height": 180, "diseaseTags": ""}, "dishIds": [21, 22, 24, 26, 27], "nutrients": {"protein": 71.0, "fat": 34.0, "calories": 932.0, "sugar": 53.0, "carbohydrate": 227.0}}}
{"timestamp": "2025-05-22T00:43:45.896093", "data": {"mealCount": 6, "user": {"gender": false, "weight": 90, "targetWeight": 40, "userId": 2, "age": 25, "height": 180, "diseaseTags": ""}, "dishIds": [21, 22, 24, 25, 26, 27], "nutrients": {"protein": 75.0, "fat": 39.0, "calories": 1421.0, "sugar": 59.0, "carbohydrate": 255.0}}}
{"timestamp": "2025-05-22T00:44:04.217699", "data": {"mealCount": 4, "user": {"gender": false, "weight": 90, "targetWeight": 40, "userId": 2, "age": 25, "height": 180, "diseaseTags": ""}, "dishIds": [21, 22, 23, 25], "nutrients": {"protein": 53.0, "fat": 24.0, "calories": 1275.0, "sugar": 33.0, "carbohydrate": 151.0}}}
{"timestamp": "2025-05-22T00:51:28.926296", "data": {"mealCount": 4, "user": {"gender": false, "weight": 90, "targetWeight": 40, "userId": 2, "age": 25, "height": 180, "diseaseTags": ""}, "dishIds": [21, 22, 23, 25], "nutrients": {"protein": 53.0, "fat": 24.0, "calories": 1275.0, "sugar": 33.0, "carbohydrate": 151.0}}}
{"timestamp": "2025-05-22T00:52:16.045324", "data": {"mealCount": 7, "user": {"gender": false, "weight": 90, "targetWeight": 40, "userId": 2, "age": 25, "height": 180, "diseaseTags": ""}, "dishIds": [21, 22, 23, 24, 25, 26, 27], "nutrients": {"protein": 102.0, "fat": 53.0, "calories": 1456.0, "sugar": 72.0, "carbohydrate": 283.0}}}
{"timestamp": "2025-05-22T00:53:19.328763", "data": {"mealCount": 4, "user": {"gender": false, "weight": 90, "targetWeight": 40, "userId": 2, "age": 25, "height": 180, "diseaseTags": ""}, "dishIds": [21, 22, 25, 27], "nutrients": {"protein": 45.0, "fat": 27.0, "calories": 1315.0, "sugar": 31.0, "carbohydrate": 192.0}}}
{"timestamp": "2025-05-22T00:54:10.314848", "data": {"mealCount": 6, "user": {"gender": false, "weight": 90, "targetWeight": 40, "userId": 2, "age": 25, "height": 180, "diseaseTags": ""}, "dishIds": [21, 22, 23, 24, 25, 27], "nutrients": {"protein": 82.0, "fat": 53.0, "calories": 1441.0, "sugar": 69.0, "carbohydrate": 269.0}}}
{"timestamp": "2025-05-22T01:01:44.368106", "data": {"mealCount": 6, "user": {"gender": false, "weight": 90, "targetWeight": 40, "userId": 2, "age": 25, "height": 180, "diseaseTags": ""}, "dishIds": [21, 22, 23, 24, 25, 27], "nutrients": {"protein": 82.0, "fat": 53.0, "calories": 1441.0, "sugar": 69.0, "carbohydrate": 269.0}}}
{"timestamp": "2025-05-22T01:07:43.331300", "data": {"mealCount": 5, "user": {"gender": false, "weight": 90, "targetWeight": 40, "userId": 2, "age": 25, "height": 180, "diseaseTags": ""}, "dishIds": [21, 22, 23, 25, 27], "nutrients": {"protein": 72.0, "fat": 41.0, "calories": 1350.0, "sugar": 44.0, "carbohydrate": 220.0}}}
{"timestamp": "2025-05-22T01:10:55.371326", "data": {"user": {"gender": false, "weight": 90, "targetWeight": 40, "userId": 2, "age": 25, "height": 180, "diseaseTags": ""}, "nutrients": {"calories": 1350, "protein": 72, "carbohydrate": 220, "fat": 41, "sugar": 44}}}
{"timestamp": "2025-05-22T08:37:46.770241", "data": {"user": {"gender": false, "weight": 90, "targetWeight": 40, "userId": 2, "age": 25, "height": 180, "diseaseTags": ""}, "nutrients": {"calories": 238, "protein": 8, "carbohydrate": 34, "fat": 9, "sugar": 7}}}
{"timestamp": "2025-05-22T08:38:41.626639", "data": {"user": {"gender": false, "weight": 90, "targetWeight": 40, "userId": 2, "age": 25, "height": 180, "diseaseTags": ""}, "nutrients": {"calories": 93, "protein": 3, "carbohydrate": 17, "fat": 1, "sugar": 5}}}
{"timestamp": "2025-05-22T08:42:48.256225", "data": {"user": {"gender": false, "weight": 90, "targetWeight": 40, "userId": 2, "age": 25, "height": 180, "diseaseTags": ""}, "nutrients": {"calories": 93, "protein": 3, "carbohydrate": 17, "fat": 1, "sugar": 5}}}
{"timestamp": "2025-05-22T08:42:57.685227", "data": {"user": {"gender": false, "weight": 90, "targetWeight": 40, "userId": 2, "age": 25, "height": 180, "diseaseTags": ""}, "nutrients": {"calories": 238, "protein": 8, "carbohydrate": 34, "fat": 9, "sugar": 7}}}
{"timestamp": "2025-05-22T08:43:11.906209", "data": {"user": {"gender": false, "weight": 90, "targetWeight": 40, "userId": 2, "age": 25, "height": 180, "diseaseTags": ""}, "nutrients": {"calories": 1413, "protein": 70, "carbohydrate": 296, "fat": 47, "sugar": 53}}}
{"timestamp": "2025-05-22T08:44:03.748284", "data": {"user": {"gender": false, "weight": 90, "targetWeight": 40, "userId": 2, "age": 25, "height": 180, "diseaseTags": ""}, "nutrients": {"calories": 1012, "protein": 59, "carbohydrate": 221, "fat": 35, "sugar": 25}}}
{"timestamp": "2025-05-22T08:44:13.347609", "data": {"user": {"gender": false, "weight": 90, "targetWeight": 40, "userId": 2, "age": 25, "height": 180, "diseaseTags": ""}, "nutrients": {"calories": 1548, "protein": 80, "carbohydrate": 335, "fat": 54, "sugar": 83}}}
{"timestamp": "2025-05-22T08:44:13.619445", "data": {"user": {"gender": false, "weight": 90, "targetWeight": 40, "userId": 2, "age": 25, "height": 180, "diseaseTags": ""}, "nutrients": {"calories": 1548, "protein": 80, "carbohydrate": 335, "fat": 54, "sugar": 83}}}
{"timestamp": "2025-05-22T08:46:50.209502", "data": {"user": {"gender": false, "weight": 90, "targetWeight": 40, "userId": 2, "age": 25, "height": 180, "diseaseTags": ""}, "nutrients": {"calories": 980, "protein": 43, "carbohydrate": 186, "fat": 36, "sugar": 56}}}
{"timestamp": "2025-05-22T08:54:01.456886", "data": {"user": {"gender": false, "weight": 90, "targetWeight": 40, "userId": 2, "age": 25, "height": 180, "diseaseTags": ""}, "nutrients": {"calories": 980, "protein": 43, "carbohydrate": 186, "fat": 36, "sugar": 56}}}
{"timestamp": "2025-05-22T08:54:13.597919", "data": {"user": {"gender": false, "weight": 90, "targetWeight": 40, "userId": 2, "age": 25, "height": 180, "diseaseTags": ""}, "nutrients": {"calories": 1173, "protein": 61, "carbohydrate": 238, "fat": 40, "sugar": 69}}}
{"timestamp": "2025-05-22T08:55:33.991581", "data": {"user": {"gender": false, "weight": 90, "targetWeight": 40, "userId": 2, "age": 25, "height": 180, "diseaseTags": ""}, "nutrients": {"calories": 135, "protein": 10, "carbohydrate": 39, "fat": 7, "sugar": 30}}}
{"timestamp": "2025-05-22T08:55:34.155335", "data": {"user": {"gender": false, "weight": 90, "targetWeight": 40, "userId": 2, "age": 25, "height": 180, "diseaseTags": ""}, "nutrients": {"calories": 135, "protein": 10, "carbohydrate": 39, "fat": 7, "sugar": 30}}}
{"timestamp": "2025-05-22T08:55:43.013515", "data": {"user": {"gender": false, "weight": 90, "targetWeight": 40, "userId": 2, "age": 25, "height": 180, "diseaseTags": ""}, "nutrients": {"calories": 594, "protein": 26, "carbohydrate": 93, "fat": 16, "sugar": 21}}}
{"timestamp": "2025-05-22T08:55:43.251598", "data": {"user": {"gender": false, "weight": 90, "targetWeight": 40, "userId": 2, "age": 25, "height": 180, "diseaseTags": ""}, "nutrients": {"calories": 594, "protein": 26, "carbohydrate": 93, "fat": 16, "sugar": 21}}}
{"timestamp": "2025-05-22T11:59:38.246924", "data": {"user": {"gender": false, "weight": 90, "targetWeight": 40, "userId": 2, "age": 25, "height": 180, "diseaseTags": ""}, "nutrients": {"calories": 223, "protein": 7, "carbohydrate": 32, "fat": 9, "sugar": 6}}}
{"timestamp": "2025-05-22T12:30:31.834279", "data": {"user": {"gender": false, "weight": 90, "targetWeight": 40, "userId": 2, "age": 25, "height": 180, "diseaseTags": ""}, "nutrients": {"calories": 943, "protein": 56, "carbohydrate": 246, "fat": 32, "sugar": 41}}}
