[%TIME%] Backend start  
' '  (  )       ?   ?      ,            ?     メ? ,  ? 
  ?         ??? .
[%TIME%] Backend start  
' '  (  )       ?   ?      ,            ?     メ? ,  ? 
  ?         ??? .
[%TIME%] Backend start  
' '  (  )       ?   ?      ,            ?     メ? ,  ? 
  ?         ??? .
[%TIME%] Backend start  
' '  (  )       ?   ?      ,            ?     メ? ,  ? 
  ?         ??? .
[%TIME%] Backend start  
' '  (  )       ?   ?      ,            ?     メ? ,  ? 
  ?         ??? .
[%TIME%] Backend start  
' '  (  )       ?   ?      ,            ?     メ? ,  ? 
  ?         ??? .
[%TIME%] Backend start  
' '  (  )       ?   ?      ,            ?     メ? ,  ? 
  ?         ??? .
[%TIME%] Backend start  
' '  (  )       ?   ?      ,            ?     メ? ,  ? 
  ?         ??? .
[10:06:22.84] Backend start  
' '  (  )       ?   ?      ,            ?     メ? ,  ? 
  ?         ??? .
[10:18:00.84] Backend start 
[10:22:46.31] Backend start 
