[%TIME%] Frontend npm install  
' '은(는) 내부 또는 외부 명령, 실행할 수 있는 프로그램, 또는
배치 파일이 아닙니다.
[%TIME%] Frontend npm install  
' '은(는) 내부 또는 외부 명령, 실행할 수 있는 프로그램, 또는
배치 파일이 아닙니다.
[%TIME%] Frontend npm install  
' '은(는) 내부 또는 외부 명령, 실행할 수 있는 프로그램, 또는
배치 파일이 아닙니다.
[%TIME%] Frontend npm install  
' '은(는) 내부 또는 외부 명령, 실행할 수 있는 프로그램, 또는
배치 파일이 아닙니다.
[%TIME%] Frontend npm install  
' '은(는) 내부 또는 외부 명령, 실행할 수 있는 프로그램, 또는
배치 파일이 아닙니다.
[%TIME%] Frontend npm install  
' '은(는) 내부 또는 외부 명령, 실행할 수 있는 프로그램, 또는
배치 파일이 아닙니다.
[%TIME%] Frontend npm install  
' '은(는) 내부 또는 외부 명령, 실행할 수 있는 프로그램, 또는
배치 파일이 아닙니다.
[%TIME%] Frontend npm install  
' '은(는) 내부 또는 외부 명령, 실행할 수 있는 프로그램, 또는
배치 파일이 아닙니다.
[10:06:22.87] Frontend npm install  
' '은(는) 내부 또는 외부 명령, 실행할 수 있는 프로그램, 또는
배치 파일이 아닙니다.
[10:18:00.88] Frontend start 
[10:22:46.33] Frontend start 
